mode: atomic
github.com/open-telemetry/opentelemetry-collector-contrib/processor/mobilepolicyprocessor/config.go:73.37,74.28 1 23
github.com/open-telemetry/opentelemetry-collector-contrib/processor/mobilepolicyprocessor/config.go:74.28,76.3 1 1
github.com/open-telemetry/opentelemetry-collector-contrib/processor/mobilepolicyprocessor/config.go:78.2,78.38 1 22
github.com/open-telemetry/opentelemetry-collector-contrib/processor/mobilepolicyprocessor/config.go:78.38,79.22 1 24
github.com/open-telemetry/opentelemetry-collector-contrib/processor/mobilepolicyprocessor/config.go:79.22,81.4 1 1
github.com/open-telemetry/opentelemetry-collector-contrib/processor/mobilepolicyprocessor/config.go:83.3,83.84 1 23
github.com/open-telemetry/opentelemetry-collector-contrib/processor/mobilepolicyprocessor/config.go:83.84,85.4 1 5
github.com/open-telemetry/opentelemetry-collector-contrib/processor/mobilepolicyprocessor/config.go:87.3,87.40 1 18
github.com/open-telemetry/opentelemetry-collector-contrib/processor/mobilepolicyprocessor/config.go:87.40,89.4 1 1
github.com/open-telemetry/opentelemetry-collector-contrib/processor/mobilepolicyprocessor/config.go:91.3,91.59 1 17
github.com/open-telemetry/opentelemetry-collector-contrib/processor/mobilepolicyprocessor/config.go:91.59,92.64 1 26
github.com/open-telemetry/opentelemetry-collector-contrib/processor/mobilepolicyprocessor/config.go:92.64,94.5 1 1
github.com/open-telemetry/opentelemetry-collector-contrib/processor/mobilepolicyprocessor/config.go:97.3,97.31 1 16
github.com/open-telemetry/opentelemetry-collector-contrib/processor/mobilepolicyprocessor/config.go:97.31,99.4 1 1
github.com/open-telemetry/opentelemetry-collector-contrib/processor/mobilepolicyprocessor/config.go:101.3,101.41 1 15
github.com/open-telemetry/opentelemetry-collector-contrib/processor/mobilepolicyprocessor/config.go:101.41,102.25 1 16
github.com/open-telemetry/opentelemetry-collector-contrib/processor/mobilepolicyprocessor/config.go:102.25,104.5 1 1
github.com/open-telemetry/opentelemetry-collector-contrib/processor/mobilepolicyprocessor/config.go:108.2,108.12 1 12
github.com/open-telemetry/opentelemetry-collector-contrib/processor/mobilepolicyprocessor/config.go:112.67,121.18 2 35
github.com/open-telemetry/opentelemetry-collector-contrib/processor/mobilepolicyprocessor/config.go:121.18,123.3 1 2
github.com/open-telemetry/opentelemetry-collector-contrib/processor/mobilepolicyprocessor/config.go:125.2,125.12 1 33
github.com/open-telemetry/opentelemetry-collector-contrib/processor/mobilepolicyprocessor/factory.go:20.37,26.2 1 5
github.com/open-telemetry/opentelemetry-collector-contrib/processor/mobilepolicyprocessor/factory.go:29.45,33.2 1 1
github.com/open-telemetry/opentelemetry-collector-contrib/processor/mobilepolicyprocessor/factory.go:41.27,45.2 2 2
github.com/open-telemetry/opentelemetry-collector-contrib/processor/mobilepolicyprocessor/processor.go:29.35,36.2 1 22
github.com/open-telemetry/opentelemetry-collector-contrib/processor/mobilepolicyprocessor/processor.go:39.89,43.2 2 1
github.com/open-telemetry/opentelemetry-collector-contrib/processor/mobilepolicyprocessor/processor.go:46.71,49.2 2 1
github.com/open-telemetry/opentelemetry-collector-contrib/processor/mobilepolicyprocessor/processor.go:52.72,54.2 1 1
github.com/open-telemetry/opentelemetry-collector-contrib/processor/mobilepolicyprocessor/processor.go:57.88,59.47 1 1
github.com/open-telemetry/opentelemetry-collector-contrib/processor/mobilepolicyprocessor/processor.go:59.47,63.54 2 1
github.com/open-telemetry/opentelemetry-collector-contrib/processor/mobilepolicyprocessor/processor.go:63.54,67.53 2 1
github.com/open-telemetry/opentelemetry-collector-contrib/processor/mobilepolicyprocessor/processor.go:67.53,70.5 2 2
github.com/open-telemetry/opentelemetry-collector-contrib/processor/mobilepolicyprocessor/processor.go:75.2,75.38 1 1
github.com/open-telemetry/opentelemetry-collector-contrib/processor/mobilepolicyprocessor/processor.go:79.98,87.61 3 6
github.com/open-telemetry/opentelemetry-collector-contrib/processor/mobilepolicyprocessor/processor.go:87.61,90.3 2 1
github.com/open-telemetry/opentelemetry-collector-contrib/processor/mobilepolicyprocessor/processor.go:93.2,93.59 1 6
github.com/open-telemetry/opentelemetry-collector-contrib/processor/mobilepolicyprocessor/processor.go:93.59,96.3 2 1
github.com/open-telemetry/opentelemetry-collector-contrib/processor/mobilepolicyprocessor/processor.go:99.2,99.38 1 6
github.com/open-telemetry/opentelemetry-collector-contrib/processor/mobilepolicyprocessor/processor.go:99.38,100.40 1 7
github.com/open-telemetry/opentelemetry-collector-contrib/processor/mobilepolicyprocessor/processor.go:100.40,107.4 2 6
github.com/open-telemetry/opentelemetry-collector-contrib/processor/mobilepolicyprocessor/processor.go:112.100,113.21 1 21
github.com/open-telemetry/opentelemetry-collector-contrib/processor/mobilepolicyprocessor/processor.go:113.21,115.3 1 1
github.com/open-telemetry/opentelemetry-collector-contrib/processor/mobilepolicyprocessor/processor.go:116.2,120.51 3 20
github.com/open-telemetry/opentelemetry-collector-contrib/processor/mobilepolicyprocessor/processor.go:120.51,122.14 2 23
github.com/open-telemetry/opentelemetry-collector-contrib/processor/mobilepolicyprocessor/processor.go:122.14,124.12 2 2
github.com/open-telemetry/opentelemetry-collector-contrib/processor/mobilepolicyprocessor/processor.go:127.3,128.37 2 21
github.com/open-telemetry/opentelemetry-collector-contrib/processor/mobilepolicyprocessor/processor.go:132.2,132.36 1 20
github.com/open-telemetry/opentelemetry-collector-contrib/processor/mobilepolicyprocessor/processor.go:132.36,133.34 1 17
github.com/open-telemetry/opentelemetry-collector-contrib/processor/mobilepolicyprocessor/processor.go:133.34,134.15 1 19
github.com/open-telemetry/opentelemetry-collector-contrib/processor/mobilepolicyprocessor/processor.go:134.15,136.5 1 5
github.com/open-telemetry/opentelemetry-collector-contrib/processor/mobilepolicyprocessor/processor.go:138.3,138.26 1 12
github.com/open-telemetry/opentelemetry-collector-contrib/processor/mobilepolicyprocessor/processor.go:139.8,139.42 1 3
github.com/open-telemetry/opentelemetry-collector-contrib/processor/mobilepolicyprocessor/processor.go:139.42,140.34 1 2
github.com/open-telemetry/opentelemetry-collector-contrib/processor/mobilepolicyprocessor/processor.go:140.34,141.14 1 2
github.com/open-telemetry/opentelemetry-collector-contrib/processor/mobilepolicyprocessor/processor.go:141.14,143.5 1 1
github.com/open-telemetry/opentelemetry-collector-contrib/processor/mobilepolicyprocessor/processor.go:145.3,145.15 1 1
github.com/open-telemetry/opentelemetry-collector-contrib/processor/mobilepolicyprocessor/processor.go:148.2,148.14 1 1
github.com/open-telemetry/opentelemetry-collector-contrib/processor/mobilepolicyprocessor/processor.go:152.98,154.29 1 33
github.com/open-telemetry/opentelemetry-collector-contrib/processor/mobilepolicyprocessor/processor.go:154.29,156.3 1 12
github.com/open-telemetry/opentelemetry-collector-contrib/processor/mobilepolicyprocessor/processor.go:159.2,159.25 1 21
github.com/open-telemetry/opentelemetry-collector-contrib/processor/mobilepolicyprocessor/processor.go:159.25,161.17 2 7
github.com/open-telemetry/opentelemetry-collector-contrib/processor/mobilepolicyprocessor/processor.go:161.17,163.4 1 1
github.com/open-telemetry/opentelemetry-collector-contrib/processor/mobilepolicyprocessor/processor.go:164.3,164.34 1 6
github.com/open-telemetry/opentelemetry-collector-contrib/processor/mobilepolicyprocessor/processor.go:168.2,168.25 1 14
github.com/open-telemetry/opentelemetry-collector-contrib/processor/mobilepolicyprocessor/processor.go:168.25,170.17 2 2
github.com/open-telemetry/opentelemetry-collector-contrib/processor/mobilepolicyprocessor/processor.go:170.17,172.4 1 1
github.com/open-telemetry/opentelemetry-collector-contrib/processor/mobilepolicyprocessor/processor.go:173.3,173.34 1 1
github.com/open-telemetry/opentelemetry-collector-contrib/processor/mobilepolicyprocessor/processor.go:177.2,177.26 1 12
github.com/open-telemetry/opentelemetry-collector-contrib/processor/mobilepolicyprocessor/processor.go:177.26,179.17 2 4
github.com/open-telemetry/opentelemetry-collector-contrib/processor/mobilepolicyprocessor/processor.go:179.17,181.4 1 1
github.com/open-telemetry/opentelemetry-collector-contrib/processor/mobilepolicyprocessor/processor.go:182.3,182.36 1 3
github.com/open-telemetry/opentelemetry-collector-contrib/processor/mobilepolicyprocessor/processor.go:186.2,186.26 1 8
github.com/open-telemetry/opentelemetry-collector-contrib/processor/mobilepolicyprocessor/processor.go:186.26,188.17 2 4
github.com/open-telemetry/opentelemetry-collector-contrib/processor/mobilepolicyprocessor/processor.go:188.17,190.4 1 1
github.com/open-telemetry/opentelemetry-collector-contrib/processor/mobilepolicyprocessor/processor.go:191.3,191.36 1 3
github.com/open-telemetry/opentelemetry-collector-contrib/processor/mobilepolicyprocessor/processor.go:195.2,195.31 1 4
github.com/open-telemetry/opentelemetry-collector-contrib/processor/mobilepolicyprocessor/processor.go:195.31,198.3 2 1
github.com/open-telemetry/opentelemetry-collector-contrib/processor/mobilepolicyprocessor/processor.go:201.2,201.28 1 3
github.com/open-telemetry/opentelemetry-collector-contrib/processor/mobilepolicyprocessor/processor.go:201.28,204.17 3 2
github.com/open-telemetry/opentelemetry-collector-contrib/processor/mobilepolicyprocessor/processor.go:204.17,207.4 2 1
github.com/open-telemetry/opentelemetry-collector-contrib/processor/mobilepolicyprocessor/processor.go:208.3,208.17 1 1
github.com/open-telemetry/opentelemetry-collector-contrib/processor/mobilepolicyprocessor/processor.go:211.2,211.14 1 1
github.com/open-telemetry/opentelemetry-collector-contrib/processor/mobilepolicyprocessor/processor.go:215.87,218.60 2 6
github.com/open-telemetry/opentelemetry-collector-contrib/processor/mobilepolicyprocessor/processor.go:218.60,220.3 1 5
github.com/open-telemetry/opentelemetry-collector-contrib/processor/mobilepolicyprocessor/processor.go:223.2,223.40 1 6
github.com/open-telemetry/opentelemetry-collector-contrib/processor/mobilepolicyprocessor/processor.go:223.40,224.22 1 6
github.com/open-telemetry/opentelemetry-collector-contrib/processor/mobilepolicyprocessor/processor.go:225.19,227.68 1 5
github.com/open-telemetry/opentelemetry-collector-contrib/processor/mobilepolicyprocessor/processor.go:227.68,228.30 1 4
github.com/open-telemetry/opentelemetry-collector-contrib/processor/mobilepolicyprocessor/processor.go:228.30,230.6 1 5
github.com/open-telemetry/opentelemetry-collector-contrib/processor/mobilepolicyprocessor/processor.go:233.17,235.68 1 1
github.com/open-telemetry/opentelemetry-collector-contrib/processor/mobilepolicyprocessor/processor.go:235.68,236.62 1 1
github.com/open-telemetry/opentelemetry-collector-contrib/processor/mobilepolicyprocessor/processor.go:236.62,238.6 1 1
github.com/open-telemetry/opentelemetry-collector-contrib/processor/mobilepolicyprocessor/processor.go:239.5,239.65 1 1
github.com/open-telemetry/opentelemetry-collector-contrib/processor/mobilepolicyprocessor/processor.go:239.65,241.6 1 1
github.com/open-telemetry/opentelemetry-collector-contrib/processor/mobilepolicyprocessor/processor.go:246.2,248.48 1 6
github.com/open-telemetry/opentelemetry-collector-contrib/processor/mobilepolicyprocessor/processor.go:253.48,254.18 1 14
github.com/open-telemetry/opentelemetry-collector-contrib/processor/mobilepolicyprocessor/processor.go:255.28,256.17 1 3
github.com/open-telemetry/opentelemetry-collector-contrib/processor/mobilepolicyprocessor/processor.go:257.28,258.17 1 8
github.com/open-telemetry/opentelemetry-collector-contrib/processor/mobilepolicyprocessor/processor.go:259.31,260.20 1 1
github.com/open-telemetry/opentelemetry-collector-contrib/processor/mobilepolicyprocessor/processor.go:261.29,262.18 1 1
github.com/open-telemetry/opentelemetry-collector-contrib/processor/mobilepolicyprocessor/processor.go:263.10,264.22 1 1
github.com/open-telemetry/opentelemetry-collector-contrib/processor/mobilepolicyprocessor/processor.go:268.48,269.25 1 25
github.com/open-telemetry/opentelemetry-collector-contrib/processor/mobilepolicyprocessor/processor.go:270.15,271.18 1 7
github.com/open-telemetry/opentelemetry-collector-contrib/processor/mobilepolicyprocessor/processor.go:272.15,273.27 1 1
github.com/open-telemetry/opentelemetry-collector-contrib/processor/mobilepolicyprocessor/processor.go:274.11,275.27 1 1
github.com/open-telemetry/opentelemetry-collector-contrib/processor/mobilepolicyprocessor/processor.go:276.13,277.27 1 8
github.com/open-telemetry/opentelemetry-collector-contrib/processor/mobilepolicyprocessor/processor.go:278.13,279.27 1 1
github.com/open-telemetry/opentelemetry-collector-contrib/processor/mobilepolicyprocessor/processor.go:280.14,281.37 1 6
github.com/open-telemetry/opentelemetry-collector-contrib/processor/mobilepolicyprocessor/processor.go:282.10,283.58 1 1
github.com/open-telemetry/opentelemetry-collector-contrib/processor/mobilepolicyprocessor/processor.go:287.44,289.2 1 2
github.com/open-telemetry/opentelemetry-collector-contrib/processor/mobilepolicyprocessor/processor.go:291.43,292.43 1 3
github.com/open-telemetry/opentelemetry-collector-contrib/processor/mobilepolicyprocessor/processor.go:292.43,293.35 1 21
github.com/open-telemetry/opentelemetry-collector-contrib/processor/mobilepolicyprocessor/processor.go:293.35,295.4 1 2
github.com/open-telemetry/opentelemetry-collector-contrib/processor/mobilepolicyprocessor/processor.go:297.2,297.14 1 1
