mode: atomic
github.com/open-telemetry/opentelemetry-collector-contrib/processor/mobilepolicyprocessor/config.go:76.37,77.28 1 23
github.com/open-telemetry/opentelemetry-collector-contrib/processor/mobilepolicyprocessor/config.go:77.28,79.3 1 1
github.com/open-telemetry/opentelemetry-collector-contrib/processor/mobilepolicyprocessor/config.go:81.2,81.38 1 22
github.com/open-telemetry/opentelemetry-collector-contrib/processor/mobilepolicyprocessor/config.go:81.38,82.22 1 24
github.com/open-telemetry/opentelemetry-collector-contrib/processor/mobilepolicyprocessor/config.go:82.22,84.4 1 1
github.com/open-telemetry/opentelemetry-collector-contrib/processor/mobilepolicyprocessor/config.go:86.3,86.84 1 23
github.com/open-telemetry/opentelemetry-collector-contrib/processor/mobilepolicyprocessor/config.go:86.84,88.4 1 5
github.com/open-telemetry/opentelemetry-collector-contrib/processor/mobilepolicyprocessor/config.go:90.3,90.40 1 18
github.com/open-telemetry/opentelemetry-collector-contrib/processor/mobilepolicyprocessor/config.go:90.40,92.4 1 1
github.com/open-telemetry/opentelemetry-collector-contrib/processor/mobilepolicyprocessor/config.go:94.3,94.59 1 17
github.com/open-telemetry/opentelemetry-collector-contrib/processor/mobilepolicyprocessor/config.go:94.59,95.64 1 26
github.com/open-telemetry/opentelemetry-collector-contrib/processor/mobilepolicyprocessor/config.go:95.64,97.5 1 1
github.com/open-telemetry/opentelemetry-collector-contrib/processor/mobilepolicyprocessor/config.go:100.3,100.31 1 16
github.com/open-telemetry/opentelemetry-collector-contrib/processor/mobilepolicyprocessor/config.go:100.31,102.4 1 1
github.com/open-telemetry/opentelemetry-collector-contrib/processor/mobilepolicyprocessor/config.go:104.3,104.41 1 15
github.com/open-telemetry/opentelemetry-collector-contrib/processor/mobilepolicyprocessor/config.go:104.41,105.25 1 16
github.com/open-telemetry/opentelemetry-collector-contrib/processor/mobilepolicyprocessor/config.go:105.25,107.5 1 1
github.com/open-telemetry/opentelemetry-collector-contrib/processor/mobilepolicyprocessor/config.go:111.2,111.12 1 12
github.com/open-telemetry/opentelemetry-collector-contrib/processor/mobilepolicyprocessor/config.go:115.67,124.18 2 35
github.com/open-telemetry/opentelemetry-collector-contrib/processor/mobilepolicyprocessor/config.go:124.18,126.3 1 2
github.com/open-telemetry/opentelemetry-collector-contrib/processor/mobilepolicyprocessor/config.go:128.2,128.12 1 33
github.com/open-telemetry/opentelemetry-collector-contrib/processor/mobilepolicyprocessor/factory.go:23.37,29.2 1 5
github.com/open-telemetry/opentelemetry-collector-contrib/processor/mobilepolicyprocessor/factory.go:32.45,36.2 1 1
github.com/open-telemetry/opentelemetry-collector-contrib/processor/mobilepolicyprocessor/factory.go:44.27,48.2 2 2
github.com/open-telemetry/opentelemetry-collector-contrib/processor/mobilepolicyprocessor/processor.go:32.35,39.2 1 46
github.com/open-telemetry/opentelemetry-collector-contrib/processor/mobilepolicyprocessor/processor.go:42.89,46.2 2 1
github.com/open-telemetry/opentelemetry-collector-contrib/processor/mobilepolicyprocessor/processor.go:49.71,52.2 2 1
github.com/open-telemetry/opentelemetry-collector-contrib/processor/mobilepolicyprocessor/processor.go:55.72,57.2 1 1
github.com/open-telemetry/opentelemetry-collector-contrib/processor/mobilepolicyprocessor/processor.go:60.88,62.47 1 14
github.com/open-telemetry/opentelemetry-collector-contrib/processor/mobilepolicyprocessor/processor.go:62.47,66.54 2 13
github.com/open-telemetry/opentelemetry-collector-contrib/processor/mobilepolicyprocessor/processor.go:66.54,70.53 2 13
github.com/open-telemetry/opentelemetry-collector-contrib/processor/mobilepolicyprocessor/processor.go:70.53,73.5 2 1221
github.com/open-telemetry/opentelemetry-collector-contrib/processor/mobilepolicyprocessor/processor.go:78.2,78.38 1 14
github.com/open-telemetry/opentelemetry-collector-contrib/processor/mobilepolicyprocessor/processor.go:82.98,90.61 3 1234
github.com/open-telemetry/opentelemetry-collector-contrib/processor/mobilepolicyprocessor/processor.go:90.61,93.3 2 14
github.com/open-telemetry/opentelemetry-collector-contrib/processor/mobilepolicyprocessor/processor.go:96.2,96.59 1 1234
github.com/open-telemetry/opentelemetry-collector-contrib/processor/mobilepolicyprocessor/processor.go:96.59,99.3 2 19
github.com/open-telemetry/opentelemetry-collector-contrib/processor/mobilepolicyprocessor/processor.go:102.2,102.38 1 1234
github.com/open-telemetry/opentelemetry-collector-contrib/processor/mobilepolicyprocessor/processor.go:102.38,103.40 1 1234
github.com/open-telemetry/opentelemetry-collector-contrib/processor/mobilepolicyprocessor/processor.go:103.40,110.4 2 225
github.com/open-telemetry/opentelemetry-collector-contrib/processor/mobilepolicyprocessor/processor.go:115.100,116.21 1 1252
github.com/open-telemetry/opentelemetry-collector-contrib/processor/mobilepolicyprocessor/processor.go:116.21,118.3 1 3
github.com/open-telemetry/opentelemetry-collector-contrib/processor/mobilepolicyprocessor/processor.go:119.2,123.51 3 1249
github.com/open-telemetry/opentelemetry-collector-contrib/processor/mobilepolicyprocessor/processor.go:123.51,125.14 2 1262
github.com/open-telemetry/opentelemetry-collector-contrib/processor/mobilepolicyprocessor/processor.go:125.14,127.12 2 4
github.com/open-telemetry/opentelemetry-collector-contrib/processor/mobilepolicyprocessor/processor.go:130.3,131.37 2 1258
github.com/open-telemetry/opentelemetry-collector-contrib/processor/mobilepolicyprocessor/processor.go:135.2,135.36 1 1249
github.com/open-telemetry/opentelemetry-collector-contrib/processor/mobilepolicyprocessor/processor.go:135.36,136.34 1 1241
github.com/open-telemetry/opentelemetry-collector-contrib/processor/mobilepolicyprocessor/processor.go:136.34,137.15 1 1247
github.com/open-telemetry/opentelemetry-collector-contrib/processor/mobilepolicyprocessor/processor.go:137.15,139.5 1 1011
github.com/open-telemetry/opentelemetry-collector-contrib/processor/mobilepolicyprocessor/processor.go:141.3,141.26 1 230
github.com/open-telemetry/opentelemetry-collector-contrib/processor/mobilepolicyprocessor/processor.go:142.8,142.42 1 8
github.com/open-telemetry/opentelemetry-collector-contrib/processor/mobilepolicyprocessor/processor.go:142.42,143.34 1 7
github.com/open-telemetry/opentelemetry-collector-contrib/processor/mobilepolicyprocessor/processor.go:143.34,144.14 1 10
github.com/open-telemetry/opentelemetry-collector-contrib/processor/mobilepolicyprocessor/processor.go:144.14,146.5 1 4
github.com/open-telemetry/opentelemetry-collector-contrib/processor/mobilepolicyprocessor/processor.go:148.3,148.15 1 3
github.com/open-telemetry/opentelemetry-collector-contrib/processor/mobilepolicyprocessor/processor.go:151.2,151.14 1 1
github.com/open-telemetry/opentelemetry-collector-contrib/processor/mobilepolicyprocessor/processor.go:155.98,157.29 1 1270
github.com/open-telemetry/opentelemetry-collector-contrib/processor/mobilepolicyprocessor/processor.go:157.29,159.3 1 1043
github.com/open-telemetry/opentelemetry-collector-contrib/processor/mobilepolicyprocessor/processor.go:162.2,162.25 1 227
github.com/open-telemetry/opentelemetry-collector-contrib/processor/mobilepolicyprocessor/processor.go:162.25,164.17 2 9
github.com/open-telemetry/opentelemetry-collector-contrib/processor/mobilepolicyprocessor/processor.go:164.17,166.4 1 1
github.com/open-telemetry/opentelemetry-collector-contrib/processor/mobilepolicyprocessor/processor.go:167.3,167.34 1 8
github.com/open-telemetry/opentelemetry-collector-contrib/processor/mobilepolicyprocessor/processor.go:171.2,171.25 1 218
github.com/open-telemetry/opentelemetry-collector-contrib/processor/mobilepolicyprocessor/processor.go:171.25,173.17 2 2
github.com/open-telemetry/opentelemetry-collector-contrib/processor/mobilepolicyprocessor/processor.go:173.17,175.4 1 1
github.com/open-telemetry/opentelemetry-collector-contrib/processor/mobilepolicyprocessor/processor.go:176.3,176.34 1 1
github.com/open-telemetry/opentelemetry-collector-contrib/processor/mobilepolicyprocessor/processor.go:180.2,180.26 1 216
github.com/open-telemetry/opentelemetry-collector-contrib/processor/mobilepolicyprocessor/processor.go:180.26,182.17 2 4
github.com/open-telemetry/opentelemetry-collector-contrib/processor/mobilepolicyprocessor/processor.go:182.17,184.4 1 1
github.com/open-telemetry/opentelemetry-collector-contrib/processor/mobilepolicyprocessor/processor.go:185.3,185.36 1 3
github.com/open-telemetry/opentelemetry-collector-contrib/processor/mobilepolicyprocessor/processor.go:189.2,189.26 1 212
github.com/open-telemetry/opentelemetry-collector-contrib/processor/mobilepolicyprocessor/processor.go:189.26,191.17 2 4
github.com/open-telemetry/opentelemetry-collector-contrib/processor/mobilepolicyprocessor/processor.go:191.17,193.4 1 1
github.com/open-telemetry/opentelemetry-collector-contrib/processor/mobilepolicyprocessor/processor.go:194.3,194.36 1 3
github.com/open-telemetry/opentelemetry-collector-contrib/processor/mobilepolicyprocessor/processor.go:198.2,198.31 1 208
github.com/open-telemetry/opentelemetry-collector-contrib/processor/mobilepolicyprocessor/processor.go:198.31,201.3 2 202
github.com/open-telemetry/opentelemetry-collector-contrib/processor/mobilepolicyprocessor/processor.go:204.2,204.28 1 6
github.com/open-telemetry/opentelemetry-collector-contrib/processor/mobilepolicyprocessor/processor.go:204.28,207.17 3 5
github.com/open-telemetry/opentelemetry-collector-contrib/processor/mobilepolicyprocessor/processor.go:207.17,210.4 2 1
github.com/open-telemetry/opentelemetry-collector-contrib/processor/mobilepolicyprocessor/processor.go:211.3,211.17 1 4
github.com/open-telemetry/opentelemetry-collector-contrib/processor/mobilepolicyprocessor/processor.go:214.2,214.14 1 1
github.com/open-telemetry/opentelemetry-collector-contrib/processor/mobilepolicyprocessor/processor.go:218.87,221.60 2 225
github.com/open-telemetry/opentelemetry-collector-contrib/processor/mobilepolicyprocessor/processor.go:221.60,223.3 1 223
github.com/open-telemetry/opentelemetry-collector-contrib/processor/mobilepolicyprocessor/processor.go:226.2,226.40 1 225
github.com/open-telemetry/opentelemetry-collector-contrib/processor/mobilepolicyprocessor/processor.go:226.40,227.22 1 226
github.com/open-telemetry/opentelemetry-collector-contrib/processor/mobilepolicyprocessor/processor.go:228.19,230.68 1 217
github.com/open-telemetry/opentelemetry-collector-contrib/processor/mobilepolicyprocessor/processor.go:230.68,231.30 1 9
github.com/open-telemetry/opentelemetry-collector-contrib/processor/mobilepolicyprocessor/processor.go:231.30,233.6 1 10
github.com/open-telemetry/opentelemetry-collector-contrib/processor/mobilepolicyprocessor/processor.go:236.17,238.68 1 7
github.com/open-telemetry/opentelemetry-collector-contrib/processor/mobilepolicyprocessor/processor.go:238.68,239.62 1 5
github.com/open-telemetry/opentelemetry-collector-contrib/processor/mobilepolicyprocessor/processor.go:239.62,241.6 1 2
github.com/open-telemetry/opentelemetry-collector-contrib/processor/mobilepolicyprocessor/processor.go:242.5,242.65 1 5
github.com/open-telemetry/opentelemetry-collector-contrib/processor/mobilepolicyprocessor/processor.go:242.65,244.6 1 3
github.com/open-telemetry/opentelemetry-collector-contrib/processor/mobilepolicyprocessor/processor.go:249.2,251.48 1 225
github.com/open-telemetry/opentelemetry-collector-contrib/processor/mobilepolicyprocessor/processor.go:256.48,257.18 1 45
github.com/open-telemetry/opentelemetry-collector-contrib/processor/mobilepolicyprocessor/processor.go:258.28,259.17 1 31
github.com/open-telemetry/opentelemetry-collector-contrib/processor/mobilepolicyprocessor/processor.go:260.28,261.17 1 11
github.com/open-telemetry/opentelemetry-collector-contrib/processor/mobilepolicyprocessor/processor.go:262.31,263.20 1 1
github.com/open-telemetry/opentelemetry-collector-contrib/processor/mobilepolicyprocessor/processor.go:264.29,265.18 1 1
github.com/open-telemetry/opentelemetry-collector-contrib/processor/mobilepolicyprocessor/processor.go:266.10,267.22 1 1
github.com/open-telemetry/opentelemetry-collector-contrib/processor/mobilepolicyprocessor/processor.go:271.48,272.25 1 27
github.com/open-telemetry/opentelemetry-collector-contrib/processor/mobilepolicyprocessor/processor.go:273.15,274.18 1 7
github.com/open-telemetry/opentelemetry-collector-contrib/processor/mobilepolicyprocessor/processor.go:275.15,276.27 1 1
github.com/open-telemetry/opentelemetry-collector-contrib/processor/mobilepolicyprocessor/processor.go:277.11,278.27 1 1
github.com/open-telemetry/opentelemetry-collector-contrib/processor/mobilepolicyprocessor/processor.go:279.13,280.27 1 10
github.com/open-telemetry/opentelemetry-collector-contrib/processor/mobilepolicyprocessor/processor.go:281.13,282.27 1 1
github.com/open-telemetry/opentelemetry-collector-contrib/processor/mobilepolicyprocessor/processor.go:283.14,284.37 1 6
github.com/open-telemetry/opentelemetry-collector-contrib/processor/mobilepolicyprocessor/processor.go:285.10,286.58 1 1
github.com/open-telemetry/opentelemetry-collector-contrib/processor/mobilepolicyprocessor/processor.go:290.44,292.2 1 206
github.com/open-telemetry/opentelemetry-collector-contrib/processor/mobilepolicyprocessor/processor.go:294.43,295.43 1 205
github.com/open-telemetry/opentelemetry-collector-contrib/processor/mobilepolicyprocessor/processor.go:295.43,296.35 1 1228
github.com/open-telemetry/opentelemetry-collector-contrib/processor/mobilepolicyprocessor/processor.go:296.35,298.4 1 204
github.com/open-telemetry/opentelemetry-collector-contrib/processor/mobilepolicyprocessor/processor.go:300.2,300.14 1 1
